#-----------------------------------------------------------
# xsim v2020.1 (64-bit)
# SW Build 2902540 on Wed May 27 19:54:35 MDT 2020
# IP Build 2902112 on Wed May 27 22:43:36 MDT 2020
# Start of session at: Mon Sep 20 23:03:39 2021
# Process ID: 57411
# Current directory: /home/saurav/siriusBl4ck/EE_Core/BlueSpec/RTL_Integration
# Command line: xsim -mode tcl -source {xsim.dir/a.out.xsim/xsim_script.tcl}
# Log file: /home/saurav/siriusBl4ck/EE_Core/BlueSpec/RTL_Integration/xsim.log
# Journal file: /home/saurav/siriusBl4ck/EE_Core/BlueSpec/RTL_Integration/xsim.jou
#-----------------------------------------------------------
source xsim.dir/a.out.xsim/xsim_script.tcl
# xsim {a.out.xsim} -autoloadwcfg -tclbatch {a.out.xsim.tcl}
Vivado Simulator 2020.1
Time resolution is 1 ps
source a.out.xsim.tcl
## run all
INFO: [Common 17-41] Interrupt caught. Command should exit soon.
run: Time (s): cpu = 00:00:02 ; elapsed = 00:00:11 . Memory (MB): peak = 2201.691 ; gain = 0.000 ; free physical = 704 ; free virtual = 3241
INFO: [Common 17-344] 'run' was cancelled
xsim: Time (s): cpu = 00:00:03 ; elapsed = 00:00:12 . Memory (MB): peak = 2201.691 ; gain = 561.418 ; free physical = 704 ; free virtual = 3241
INFO: [Common 17-344] 'source' was cancelled
exit
INFO: [Common 17-206] Exiting xsim at Mon Sep 20 23:04:03 2021...
